[debug] [2021-08-02T07:46:25.335Z] ----------------------------------------------------------------------
[debug] [2021-08-02T07:46:25.337Z] Command:       C:\Program Files\nodejs\node.exe C:\Users\The Currupted\AppData\Roaming\npm\node_modules\firebase-tools\lib\bin\firebase.js deploy
[debug] [2021-08-02T07:46:25.338Z] CLI Version:   9.16.0
[debug] [2021-08-02T07:46:25.338Z] Platform:      win32
[debug] [2021-08-02T07:46:25.338Z] Node Version:  v14.15.0
[debug] [2021-08-02T07:46:25.340Z] Time:          Mon Aug 02 2021 08:46:25 GMT+0100 (West Africa Standard Time)
[debug] [2021-08-02T07:46:25.340Z] ----------------------------------------------------------------------
[debug] 
[debug] [2021-08-02T07:46:25.427Z] > command requires scopes: ["email","openid","https://www.googleapis.com/auth/cloudplatformprojects.readonly","https://www.googleapis.com/auth/firebase","https://www.googleapis.com/auth/cloud-platform"]
[debug] [2021-08-02T07:46:25.427Z] > authorizing via signed-in user (waleoxy@gmail.com)
[debug] [2021-08-02T07:46:25.427Z] [iam] checking project amzone-clone-b8f5f for permissions ["cloudfunctions.functions.create","cloudfunctions.functions.delete","cloudfunctions.functions.get","cloudfunctions.functions.list","cloudfunctions.functions.update","cloudfunctions.operations.get","firebase.projects.get","firebasehosting.sites.update"]
[debug] [2021-08-02T07:46:25.430Z] > refreshing access token with scopes: ["email","https://www.googleapis.com/auth/cloud-platform","https://www.googleapis.com/auth/cloudplatformprojects.readonly","https://www.googleapis.com/auth/firebase","openid"]
[debug] [2021-08-02T07:46:25.431Z] >>> HTTP REQUEST POST https://www.googleapis.com/oauth2/v3/token  
 <request body omitted>
[debug] [2021-08-02T07:46:26.206Z] <<< HTTP RESPONSE 200 {"pragma":"no-cache","expires":"Mon, 01 Jan 1990 00:00:00 GMT","cache-control":"no-cache, no-store, max-age=0, must-revalidate","date":"Mon, 02 Aug 2021 07:46:27 GMT","content-type":"application/json; charset=utf-8","vary":"X-Origin, Referer, Origin,Accept-Encoding","server":"scaffolding on HTTPServer2","x-xss-protection":"0","x-frame-options":"SAMEORIGIN","x-content-type-options":"nosniff","alt-svc":"h3=\":443\"; ma=2592000,h3-29=\":443\"; ma=2592000,h3-T051=\":443\"; ma=2592000,h3-Q050=\":443\"; ma=2592000,h3-Q046=\":443\"; ma=2592000,h3-Q043=\":443\"; ma=2592000,quic=\":443\"; ma=2592000; v=\"46,43\"","accept-ranges":"none","transfer-encoding":"chunked"}
[debug] [2021-08-02T07:46:26.470Z] >>> HTTP REQUEST POST https://cloudresourcemanager.googleapis.com/v1/projects/amzone-clone-b8f5f:testIamPermissions  
 {"permissions":["cloudfunctions.functions.create","cloudfunctions.functions.delete","cloudfunctions.functions.get","cloudfunctions.functions.list","cloudfunctions.functions.update","cloudfunctions.operations.get","firebase.projects.get","firebasehosting.sites.update"]}
[debug] [2021-08-02T07:46:27.073Z] <<< HTTP RESPONSE 200 {"content-type":"application/json; charset=UTF-8","vary":"X-Origin, Referer, Origin,Accept-Encoding","date":"Mon, 02 Aug 2021 07:46:28 GMT","server":"ESF","cache-control":"private","x-xss-protection":"0","x-frame-options":"SAMEORIGIN","x-content-type-options":"nosniff","server-timing":"gfet4t7; dur=113","alt-svc":"h3=\":443\"; ma=2592000,h3-29=\":443\"; ma=2592000,h3-T051=\":443\"; ma=2592000,h3-Q050=\":443\"; ma=2592000,h3-Q046=\":443\"; ma=2592000,h3-Q043=\":443\"; ma=2592000,quic=\":443\"; ma=2592000; v=\"46,43\"","accept-ranges":"none","transfer-encoding":"chunked"}
[debug] [2021-08-02T07:46:27.075Z] >>> HTTP REQUEST POST https://iam.googleapis.com/v1/projects/amzone-clone-b8f5f/serviceAccounts/amzone-clone-b8f5f@appspot.gserviceaccount.com:testIamPermissions  
 {"permissions":["iam.serviceAccounts.actAs"]}
[debug] [2021-08-02T07:46:27.724Z] <<< HTTP RESPONSE 200 {"content-type":"application/json; charset=UTF-8","vary":"X-Origin, Referer, Origin,Accept-Encoding","date":"Mon, 02 Aug 2021 07:46:28 GMT","server":"ESF","cache-control":"private","x-xss-protection":"0","x-frame-options":"SAMEORIGIN","x-content-type-options":"nosniff","alt-svc":"h3=\":443\"; ma=2592000,h3-29=\":443\"; ma=2592000,h3-T051=\":443\"; ma=2592000,h3-Q050=\":443\"; ma=2592000,h3-Q046=\":443\"; ma=2592000,h3-Q043=\":443\"; ma=2592000,quic=\":443\"; ma=2592000; v=\"46,43\"","accept-ranges":"none","transfer-encoding":"chunked"}
[debug] [2021-08-02T07:46:27.736Z] > refreshing access token with scopes: []
[debug] [2021-08-02T07:46:27.738Z] >>> HTTP REQUEST POST https://www.googleapis.com/oauth2/v3/token  
 <request body omitted>
[debug] [2021-08-02T07:46:28.494Z] <<< HTTP RESPONSE 200 {"date":"Mon, 02 Aug 2021 07:46:29 GMT","expires":"Mon, 01 Jan 1990 00:00:00 GMT","cache-control":"no-cache, no-store, max-age=0, must-revalidate","pragma":"no-cache","content-type":"application/json; charset=utf-8","vary":"X-Origin, Referer, Origin,Accept-Encoding","server":"scaffolding on HTTPServer2","x-xss-protection":"0","x-frame-options":"SAMEORIGIN","x-content-type-options":"nosniff","alt-svc":"h3=\":443\"; ma=2592000,h3-29=\":443\"; ma=2592000,h3-T051=\":443\"; ma=2592000,h3-Q050=\":443\"; ma=2592000,h3-Q046=\":443\"; ma=2592000,h3-Q043=\":443\"; ma=2592000,quic=\":443\"; ma=2592000; v=\"46,43\"","accept-ranges":"none","transfer-encoding":"chunked"}
[debug] [2021-08-02T07:46:28.690Z] >>> [apiv2][query] GET https://firebase.googleapis.com/v1beta1/projects/amzone-clone-b8f5f [none]
[debug] [2021-08-02T07:46:29.918Z] <<< [apiv2][status] GET https://firebase.googleapis.com/v1beta1/projects/amzone-clone-b8f5f 200
[debug] [2021-08-02T07:46:29.919Z] <<< [apiv2][body] GET https://firebase.googleapis.com/v1beta1/projects/amzone-clone-b8f5f {"projectId":"amzone-clone-b8f5f","projectNumber":"799683639137","displayName":"amzone-clone","name":"projects/amzone-clone-b8f5f","resources":{"hostingSite":"amzone-clone-b8f5f"},"state":"ACTIVE"}
[info] 
[info] === Deploying to 'amzone-clone-b8f5f'...
[info] 
[info] i  deploying functions, hosting 
[info] +  functions: Finished running predeploy script. 
[debug] [2021-08-02T07:46:30.021Z] Validating nodejs source
[debug] [2021-08-02T07:47:12.707Z] > [functions] package.json contents: {
  "name": "functions",
  "description": "Cloud Functions for Firebase",
  "scripts": {
    "lint": "eslint .",
    "serve": "firebase emulators:start --only functions",
    "shell": "firebase functions:shell",
    "start": "npm run shell",
    "deploy": "firebase deploy --only functions",
    "logs": "firebase functions:log"
  },
  "engines": {
    "node": "14"
  },
  "main": "index.js",
  "dependencies": {
    "cors": "^2.8.5",
    "express": "^4.17.1",
    "firebase-admin": "^9.8.0",
    "firebase-functions": "^3.14.1",
    "stripe": "^8.167.0"
  },
  "devDependencies": {
    "eslint": "^7.6.0",
    "eslint-config-google": "^0.14.0",
    "firebase-functions-test": "^0.2.0"
  },
  "private": true
}
[debug] [2021-08-02T07:47:12.707Z] Building nodejs source
[info] i  functions: ensuring required API cloudfunctions.googleapis.com is enabled... 
[debug] [2021-08-02T07:47:12.711Z] > refreshing access token with scopes: ["email","https://www.googleapis.com/auth/cloud-platform","https://www.googleapis.com/auth/cloudplatformprojects.readonly","https://www.googleapis.com/auth/firebase","openid"]
[debug] [2021-08-02T07:47:12.712Z] >>> HTTP REQUEST POST https://www.googleapis.com/oauth2/v3/token  
 <request body omitted>
[debug] [2021-08-02T07:47:12.714Z] > refreshing access token with scopes: ["email","https://www.googleapis.com/auth/cloud-platform","https://www.googleapis.com/auth/cloudplatformprojects.readonly","https://www.googleapis.com/auth/firebase","openid"]
[debug] [2021-08-02T07:47:12.715Z] >>> HTTP REQUEST POST https://www.googleapis.com/oauth2/v3/token  
 <request body omitted>
[info] i  functions: ensuring required API cloudbuild.googleapis.com is enabled... 
[debug] [2021-08-02T07:47:12.737Z] > refreshing access token with scopes: ["email","https://www.googleapis.com/auth/cloud-platform","https://www.googleapis.com/auth/cloudplatformprojects.readonly","https://www.googleapis.com/auth/firebase","openid"]
[debug] [2021-08-02T07:47:12.738Z] >>> HTTP REQUEST POST https://www.googleapis.com/oauth2/v3/token  
 <request body omitted>
[debug] [2021-08-02T07:47:13.339Z] <<< HTTP RESPONSE 200 {"expires":"Mon, 01 Jan 1990 00:00:00 GMT","cache-control":"no-cache, no-store, max-age=0, must-revalidate","date":"Mon, 02 Aug 2021 07:47:14 GMT","pragma":"no-cache","content-type":"application/json; charset=utf-8","vary":"X-Origin, Referer, Origin,Accept-Encoding","server":"scaffolding on HTTPServer2","x-xss-protection":"0","x-frame-options":"SAMEORIGIN","x-content-type-options":"nosniff","alt-svc":"h3=\":443\"; ma=2592000,h3-29=\":443\"; ma=2592000,h3-T051=\":443\"; ma=2592000,h3-Q050=\":443\"; ma=2592000,h3-Q046=\":443\"; ma=2592000,h3-Q043=\":443\"; ma=2592000,quic=\":443\"; ma=2592000; v=\"46,43\"","accept-ranges":"none","transfer-encoding":"chunked"}
[debug] [2021-08-02T07:47:13.452Z] >>> HTTP REQUEST GET https://serviceusage.googleapis.com/v1/projects/amzone-clone-b8f5f/services/cloudbuild.googleapis.com  
 
[debug] [2021-08-02T07:47:13.461Z] <<< HTTP RESPONSE 200 {"date":"Mon, 02 Aug 2021 07:47:14 GMT","pragma":"no-cache","expires":"Mon, 01 Jan 1990 00:00:00 GMT","cache-control":"no-cache, no-store, max-age=0, must-revalidate","content-type":"application/json; charset=utf-8","vary":"X-Origin, Referer, Origin,Accept-Encoding","server":"scaffolding on HTTPServer2","x-xss-protection":"0","x-frame-options":"SAMEORIGIN","x-content-type-options":"nosniff","alt-svc":"h3=\":443\"; ma=2592000,h3-29=\":443\"; ma=2592000,h3-T051=\":443\"; ma=2592000,h3-Q050=\":443\"; ma=2592000,h3-Q046=\":443\"; ma=2592000,h3-Q043=\":443\"; ma=2592000,quic=\":443\"; ma=2592000; v=\"46,43\"","accept-ranges":"none","transfer-encoding":"chunked"}
[debug] [2021-08-02T07:47:13.535Z] >>> HTTP REQUEST GET https://serviceusage.googleapis.com/v1/projects/amzone-clone-b8f5f/services/cloudfunctions.googleapis.com  
 
[debug] [2021-08-02T07:47:13.538Z] <<< HTTP RESPONSE 200 {"cache-control":"no-cache, no-store, max-age=0, must-revalidate","pragma":"no-cache","date":"Mon, 02 Aug 2021 07:47:14 GMT","expires":"Mon, 01 Jan 1990 00:00:00 GMT","content-type":"application/json; charset=utf-8","vary":"X-Origin, Referer, Origin,Accept-Encoding","server":"scaffolding on HTTPServer2","x-xss-protection":"0","x-frame-options":"SAMEORIGIN","x-content-type-options":"nosniff","alt-svc":"h3=\":443\"; ma=2592000,h3-29=\":443\"; ma=2592000,h3-T051=\":443\"; ma=2592000,h3-Q050=\":443\"; ma=2592000,h3-Q046=\":443\"; ma=2592000,h3-Q043=\":443\"; ma=2592000,quic=\":443\"; ma=2592000; v=\"46,43\"","accept-ranges":"none","transfer-encoding":"chunked"}
[debug] [2021-08-02T07:47:13.663Z] >>> HTTP REQUEST GET https://serviceusage.googleapis.com/v1/projects/amzone-clone-b8f5f/services/runtimeconfig.googleapis.com  
 
[debug] [2021-08-02T07:47:15.041Z] <<< HTTP RESPONSE 200 {"content-type":"application/json; charset=UTF-8","vary":"X-Origin, Referer, Origin,Accept-Encoding","date":"Mon, 02 Aug 2021 07:47:15 GMT","server":"ESF","cache-control":"private","x-xss-protection":"0","x-frame-options":"SAMEORIGIN","x-content-type-options":"nosniff","alt-svc":"h3=\":443\"; ma=2592000,h3-29=\":443\"; ma=2592000,h3-T051=\":443\"; ma=2592000,h3-Q050=\":443\"; ma=2592000,h3-Q046=\":443\"; ma=2592000,h3-Q043=\":443\"; ma=2592000,quic=\":443\"; ma=2592000; v=\"46,43\"","accept-ranges":"none","transfer-encoding":"chunked"}
[debug] [2021-08-02T07:47:15.316Z] <<< HTTP RESPONSE 200 {"content-type":"application/json; charset=UTF-8","vary":"X-Origin, Referer, Origin,Accept-Encoding","date":"Mon, 02 Aug 2021 07:47:15 GMT","server":"ESF","cache-control":"private","x-xss-protection":"0","x-frame-options":"SAMEORIGIN","x-content-type-options":"nosniff","alt-svc":"h3=\":443\"; ma=2592000,h3-29=\":443\"; ma=2592000,h3-T051=\":443\"; ma=2592000,h3-Q050=\":443\"; ma=2592000,h3-Q046=\":443\"; ma=2592000,h3-Q043=\":443\"; ma=2592000,quic=\":443\"; ma=2592000; v=\"46,43\"","accept-ranges":"none","transfer-encoding":"chunked"}
[info] +  functions: required API cloudbuild.googleapis.com is enabled 
[debug] [2021-08-02T07:47:15.426Z] <<< HTTP RESPONSE 200 {"content-type":"application/json; charset=UTF-8","vary":"X-Origin, Referer, Origin,Accept-Encoding","date":"Mon, 02 Aug 2021 07:47:15 GMT","server":"ESF","cache-control":"private","x-xss-protection":"0","x-frame-options":"SAMEORIGIN","x-content-type-options":"nosniff","alt-svc":"h3=\":443\"; ma=2592000,h3-29=\":443\"; ma=2592000,h3-T051=\":443\"; ma=2592000,h3-Q050=\":443\"; ma=2592000,h3-Q046=\":443\"; ma=2592000,h3-Q043=\":443\"; ma=2592000,quic=\":443\"; ma=2592000; v=\"46,43\"","accept-ranges":"none","transfer-encoding":"chunked"}
[info] +  functions: required API cloudfunctions.googleapis.com is enabled 
[debug] [2021-08-02T07:47:15.432Z] >>> HTTP REQUEST GET https://firebase.googleapis.com/v1beta1/projects/amzone-clone-b8f5f/adminSdkConfig  
 
[debug] [2021-08-02T07:47:16.369Z] <<< HTTP RESPONSE 200 {"content-type":"application/json; charset=UTF-8","vary":"X-Origin, Referer, Origin,Accept-Encoding","date":"Mon, 02 Aug 2021 07:47:17 GMT","server":"ESF","cache-control":"private","x-xss-protection":"0","x-frame-options":"SAMEORIGIN","x-content-type-options":"nosniff","alt-svc":"h3=\":443\"; ma=2592000,h3-29=\":443\"; ma=2592000,h3-T051=\":443\"; ma=2592000,h3-Q050=\":443\"; ma=2592000,h3-Q046=\":443\"; ma=2592000,h3-Q043=\":443\"; ma=2592000,quic=\":443\"; ma=2592000; v=\"46,43\"","accept-ranges":"none","transfer-encoding":"chunked"}
[debug] [2021-08-02T07:47:16.372Z] >>> HTTP REQUEST GET https://runtimeconfig.googleapis.com/v1beta1/projects/amzone-clone-b8f5f/configs  
 
[debug] [2021-08-02T07:47:17.211Z] <<< HTTP RESPONSE 200 {"content-type":"application/json; charset=UTF-8","vary":"X-Origin, Referer, Origin,Accept-Encoding","date":"Mon, 02 Aug 2021 07:47:18 GMT","server":"ESF","cache-control":"private","x-xss-protection":"0","x-frame-options":"SAMEORIGIN","x-content-type-options":"nosniff","alt-svc":"h3=\":443\"; ma=2592000,h3-29=\":443\"; ma=2592000,h3-T051=\":443\"; ma=2592000,h3-Q050=\":443\"; ma=2592000,h3-Q046=\":443\"; ma=2592000,h3-Q043=\":443\"; ma=2592000,quic=\":443\"; ma=2592000; v=\"46,43\"","accept-ranges":"none","transfer-encoding":"chunked"}
[debug] [2021-08-02T07:47:17.213Z] Analyzing nodejs backend spec
[info] i  functions: preparing functions directory for uploading... 
[info] i  functions: packaged functions (35.4 KB) for uploading 
[debug] [2021-08-02T07:47:21.727Z] >>> HTTP REQUEST GET https://cloudfunctions.googleapis.com/v1/projects/amzone-clone-b8f5f/locations/-/functions  
 
[debug] [2021-08-02T07:47:24.431Z] <<< HTTP RESPONSE 200 {"content-type":"application/json; charset=UTF-8","vary":"X-Origin, Referer, Origin,Accept-Encoding","date":"Mon, 02 Aug 2021 07:47:25 GMT","server":"ESF","cache-control":"private","x-xss-protection":"0","x-frame-options":"SAMEORIGIN","x-content-type-options":"nosniff","alt-svc":"h3=\":443\"; ma=2592000,h3-29=\":443\"; ma=2592000,h3-T051=\":443\"; ma=2592000,h3-Q050=\":443\"; ma=2592000,h3-Q046=\":443\"; ma=2592000,h3-Q043=\":443\"; ma=2592000,quic=\":443\"; ma=2592000; v=\"46,43\"","accept-ranges":"none","transfer-encoding":"chunked"}
[debug] [2021-08-02T07:47:24.441Z] >>> HTTP REQUEST POST https://firebasehosting.googleapis.com/v1beta1/sites/amzone-clone-b8f5f/versions  
 {"config":{"rewrites":[{"glob":"**","path":"/index.html"}]},"labels":{"deployment-tool":"cli-firebase"}}
[debug] [2021-08-02T07:47:26.968Z] <<< HTTP RESPONSE 200 {"content-type":"application/json; charset=UTF-8","vary":"X-Origin, Referer, Origin,Accept-Encoding","date":"Mon, 02 Aug 2021 07:47:27 GMT","server":"ESF","cache-control":"private","x-xss-protection":"0","x-frame-options":"SAMEORIGIN","x-content-type-options":"nosniff","alt-svc":"h3=\":443\"; ma=2592000,h3-29=\":443\"; ma=2592000,h3-T051=\":443\"; ma=2592000,h3-Q050=\":443\"; ma=2592000,h3-Q046=\":443\"; ma=2592000,h3-Q043=\":443\"; ma=2592000,quic=\":443\"; ma=2592000; v=\"46,43\"","accept-ranges":"none","transfer-encoding":"chunked"}
[debug] [2021-08-02T07:47:26.970Z] [functions] found 1 new HTTP functions, testing setIamPolicy permission...
[debug] [2021-08-02T07:47:26.971Z] >>> HTTP REQUEST POST https://cloudresourcemanager.googleapis.com/v1/projects/amzone-clone-b8f5f:testIamPermissions  
 {"permissions":["cloudfunctions.functions.setIamPolicy"]}
[debug] [2021-08-02T07:47:27.576Z] <<< HTTP RESPONSE 200 {"content-type":"application/json; charset=UTF-8","vary":"X-Origin, Referer, Origin,Accept-Encoding","date":"Mon, 02 Aug 2021 07:47:28 GMT","server":"ESF","cache-control":"private","x-xss-protection":"0","x-frame-options":"SAMEORIGIN","x-content-type-options":"nosniff","server-timing":"gfet4t7; dur=113","alt-svc":"h3=\":443\"; ma=2592000,h3-29=\":443\"; ma=2592000,h3-T051=\":443\"; ma=2592000,h3-Q050=\":443\"; ma=2592000,h3-Q046=\":443\"; ma=2592000,h3-Q043=\":443\"; ma=2592000,quic=\":443\"; ma=2592000; v=\"46,43\"","accept-ranges":"none","transfer-encoding":"chunked"}
[debug] [2021-08-02T07:47:27.578Z] [functions] found setIamPolicy permission, proceeding with deploy
[debug] [2021-08-02T07:47:27.582Z] >>> HTTP REQUEST POST https://cloudfunctions.googleapis.com/v1/projects/amzone-clone-b8f5f/locations/us-central1/functions:generateUploadUrl  
 
[debug] [2021-08-02T07:47:38.714Z] <<< HTTP RESPONSE 200 {"content-type":"application/json; charset=UTF-8","vary":"X-Origin, Referer, Origin,Accept-Encoding","date":"Mon, 02 Aug 2021 07:47:37 GMT","server":"ESF","cache-control":"private","x-xss-protection":"0","x-frame-options":"SAMEORIGIN","x-content-type-options":"nosniff","alt-svc":"h3=\":443\"; ma=2592000,h3-29=\":443\"; ma=2592000,h3-T051=\":443\"; ma=2592000,h3-Q050=\":443\"; ma=2592000,h3-Q046=\":443\"; ma=2592000,h3-Q043=\":443\"; ma=2592000,quic=\":443\"; ma=2592000; v=\"46,43\"","accept-ranges":"none","transfer-encoding":"chunked"}
[debug] [2021-08-02T07:47:38.718Z] >>> HTTP REQUEST PUT https://storage.googleapis.com/gcf-upload-us-central1-aed9fdfa-72b3-43ef-bfad-a135b963be7c/bbedfbbc-2392-4966-8635-fa4badf4e159.zip?GoogleAccessId=service-799683639137@gcf-admin-robot.iam.gserviceaccount.com&Expires=1627892257&Signature=DZofGNVwyZr%2BPY7geemO4ay%2Boc3Q06F65LJlWec10UXKr6elEqqlEP43%2FPNVnxWzDUhVEWSv8h9jvxqWih6cbb4s%2FqXeqte%2Bvinv%2Fngzz62iSkTkzT7%2FudH%2FsS70lVjh%2BHEeV9C19kL0a9%2BsC4IzW6vV%2BCRAS6rwTPaPOCG5UEPFR7VBp7tyw5GvoBJX2b%2BkeBbtod%2BalDeDEY2fukOJ%2Fh7WnEWrqKE3ialx1VBiO%2FuyzuRerkRMgCU0ENXtm1nBhYSeB%2FeL8a%2BQZtu9DD5lyDg1sBfQTggqWV%2F5T4Wf0zAtghNCko07f%2Bg%2Fu0kyhD61kmM%2F%2BNaGOpSunxO7p8pC8A%3D%3D  
 <request body omitted>
[debug] [2021-08-02T07:47:39.923Z] <<< HTTP RESPONSE 200 {"x-guploader-uploadid":"ADPycdubGGJX9MsoUwnS0rVxupPBQZ9s6dcG-ympdCijZXICcaLfOzTCKB9HUXBno4vWX3xSSrIiARFJZY3wlJCf9jqe47W9AA","etag":"\"0a2711cf2972733f4bf9c0d6602705c0\"","x-goog-generation":"1627890460927287","x-goog-metageneration":"1","x-goog-hash":"crc32c=Ekm/3Q==, md5=CicRzylycz9L+cDWYCcFwA==","x-goog-stored-content-length":"36251","x-goog-stored-content-encoding":"identity","vary":"Origin","content-length":"0","date":"Mon, 02 Aug 2021 07:47:40 GMT","server":"UploadServer","content-type":"text/html; charset=UTF-8","alt-svc":"h3=\":443\"; ma=2592000,h3-29=\":443\"; ma=2592000,h3-T051=\":443\"; ma=2592000,h3-Q050=\":443\"; ma=2592000,h3-Q046=\":443\"; ma=2592000,h3-Q043=\":443\"; ma=2592000,quic=\":443\"; ma=2592000; v=\"46,43\""}
[info] +  functions: functions folder uploaded successfully 
[info] i  hosting[amzone-clone-b8f5f]: beginning deploy... 
[info] i  hosting[amzone-clone-b8f5f]: found 18 files in build 
[debug] [2021-08-02T07:47:41.104Z] > refreshing access token with scopes: []
[debug] [2021-08-02T07:47:41.104Z] >>> HTTP REQUEST POST https://www.googleapis.com/oauth2/v3/token  
 <request body omitted>
[debug] [2021-08-02T07:47:41.155Z] [hosting] hash cache [YnVpbGQ] stored for 18 files
[debug] [2021-08-02T07:47:41.156Z] [hosting][hash queue][FINAL] {"max":1024,"min":8,"avg":97.05555555555556,"active":0,"complete":18,"success":18,"errored":0,"retried":0,"total":18,"elapsed":1084}
[debug] [2021-08-02T07:47:41.695Z] <<< HTTP RESPONSE 200 {"cache-control":"no-cache, no-store, max-age=0, must-revalidate","expires":"Mon, 01 Jan 1990 00:00:00 GMT","date":"Mon, 02 Aug 2021 07:47:42 GMT","pragma":"no-cache","content-type":"application/json; charset=utf-8","vary":"X-Origin, Referer, Origin,Accept-Encoding","server":"scaffolding on HTTPServer2","x-xss-protection":"0","x-frame-options":"SAMEORIGIN","x-content-type-options":"nosniff","alt-svc":"h3=\":443\"; ma=2592000,h3-29=\":443\"; ma=2592000,h3-T051=\":443\"; ma=2592000,h3-Q050=\":443\"; ma=2592000,h3-Q046=\":443\"; ma=2592000,h3-Q043=\":443\"; ma=2592000,quic=\":443\"; ma=2592000; v=\"46,43\"","accept-ranges":"none","transfer-encoding":"chunked"}
[debug] [2021-08-02T07:47:41.768Z] >>> [apiv2][query] POST https://firebasehosting.googleapis.com/v1beta1/sites/amzone-clone-b8f5f/versions/741771cd918aff22:populateFiles [none]
[debug] [2021-08-02T07:47:41.768Z] >>> [apiv2][body] POST https://firebasehosting.googleapis.com/v1beta1/sites/amzone-clone-b8f5f/versions/741771cd918aff22:populateFiles {"files":{"/favicon.ico":"eae62e993eb980ec8a25058c39d5a51feab118bd2100c4deebb2a9c158ec11f9","/logo192.png":"3ee59515172ee198f3be375979df15ac5345183e656720a381b8872b2a39dc8b","/logo512.png":"ee7e2f3fdb8209c4b6fd7bef6ba50d1b9dba30a25bb5c3126df057e1cb6f5331","/manifest.json":"aff3449bdc238776f5d6d967f19ec491b36aed5fb7f23ccff6500736fd58494a","/robots.txt":"bfe106a3fb878dc83461c86818bf74fc1bdc7f28538ba613cd3e775516ce8b49","/asset-manifest.json":"5d6c81ad42ec2ee864e718272cc862e87d97ab7f8ca7de4a86621f320be1be52","/index.html":"0248dd1a9160157c7e4e39f43878a49707af3d2bb2f635363fa49c996b813ade","/static/css/main.a2da7154.chunk.css":"9d9976d1f690a758f716bdd72e7bca0fed872043a7121a95c04a5f6e9cd30605","/static/css/main.a2da7154.chunk.css.map":"9a2887593593e07177d36294cd3fbd4dcf20cc195511baf9b4f4102bf2e98d9d","/static/js/2.342b781f.chunk.js.LICENSE.txt":"2312bad32d362f6d6cf48f54219077fc34f54dcb7eeae10b1a74b95e3a2f5917","/static/js/3.ff757c99.chunk.js":"c22c75349574a59123d93ef6782766edd2a199d8a5df1584c65393d0486b13a3","/static/js/3.ff757c99.chunk.js.map":"8519abfb98daa62e2c6f0be3ac03d7c85e1f08ad6b42f9a091f9e5c1a053c872","/static/js/main.32c05032.chunk.js":"df59f979fe6f3f404b2fb5dff5a10d237021f6e8fb5d57bf6ccd6ff973a49555","/static/js/runtime-main.5c8cf6b2.js":"11fb44bfbb2a18f1d2d0447ce6e52f11ef5688d322249e882b29ee0538be001c","/static/js/runtime-main.5c8cf6b2.js.map":"ee8517f3a5238d526078b8ef4718106a141dc703354a6e4427dcd725b1ee09c9","/static/js/main.32c05032.chunk.js.map":"837935028083fb349e691e66145d6ad01518348371a26add1ec4551cf9808ff3","/static/js/2.342b781f.chunk.js":"f9c7cdc89d8e3a0b92cdff4976a2e2f46f09bf90d4960a6fb35a4f74443a12e4","/static/js/2.342b781f.chunk.js.map":"8a523bafe89565ac7c9b8eed02fde28754dff2b759813f7171be48f152d50fcf"}}
[debug] [2021-08-02T07:47:43.911Z] <<< [apiv2][status] POST https://firebasehosting.googleapis.com/v1beta1/sites/amzone-clone-b8f5f/versions/741771cd918aff22:populateFiles 200
[debug] [2021-08-02T07:47:43.912Z] <<< [apiv2][body] POST https://firebasehosting.googleapis.com/v1beta1/sites/amzone-clone-b8f5f/versions/741771cd918aff22:populateFiles {"uploadRequiredHashes":["f9c7cdc89d8e3a0b92cdff4976a2e2f46f09bf90d4960a6fb35a4f74443a12e4","837935028083fb349e691e66145d6ad01518348371a26add1ec4551cf9808ff3","0248dd1a9160157c7e4e39f43878a49707af3d2bb2f635363fa49c996b813ade","11fb44bfbb2a18f1d2d0447ce6e52f11ef5688d322249e882b29ee0538be001c","df59f979fe6f3f404b2fb5dff5a10d237021f6e8fb5d57bf6ccd6ff973a49555","5d6c81ad42ec2ee864e718272cc862e87d97ab7f8ca7de4a86621f320be1be52","c22c75349574a59123d93ef6782766edd2a199d8a5df1584c65393d0486b13a3","8519abfb98daa62e2c6f0be3ac03d7c85e1f08ad6b42f9a091f9e5c1a053c872","8a523bafe89565ac7c9b8eed02fde28754dff2b759813f7171be48f152d50fcf","ee8517f3a5238d526078b8ef4718106a141dc703354a6e4427dcd725b1ee09c9"],"uploadUrl":"https://upload-firebasehosting.googleapis.com/upload/sites/amzone-clone-b8f5f/versions/741771cd918aff22/files"}
[debug] [2021-08-02T07:47:43.935Z] >>> [apiv2][query] POST https://upload-firebasehosting.googleapis.com/upload/sites/amzone-clone-b8f5f/versions/741771cd918aff22/files/f9c7cdc89d8e3a0b92cdff4976a2e2f46f09bf90d4960a6fb35a4f74443a12e4 [none]
[debug] [2021-08-02T07:47:43.936Z] >>> [apiv2][body] POST https://upload-firebasehosting.googleapis.com/upload/sites/amzone-clone-b8f5f/versions/741771cd918aff22/files/f9c7cdc89d8e3a0b92cdff4976a2e2f46f09bf90d4960a6fb35a4f74443a12e4 [stream]
[debug] [2021-08-02T07:47:43.941Z] >>> [apiv2][query] POST https://upload-firebasehosting.googleapis.com/upload/sites/amzone-clone-b8f5f/versions/741771cd918aff22/files/837935028083fb349e691e66145d6ad01518348371a26add1ec4551cf9808ff3 [none]
[debug] [2021-08-02T07:47:43.942Z] >>> [apiv2][body] POST https://upload-firebasehosting.googleapis.com/upload/sites/amzone-clone-b8f5f/versions/741771cd918aff22/files/837935028083fb349e691e66145d6ad01518348371a26add1ec4551cf9808ff3 [stream]
[debug] [2021-08-02T07:47:43.946Z] >>> [apiv2][query] POST https://upload-firebasehosting.googleapis.com/upload/sites/amzone-clone-b8f5f/versions/741771cd918aff22/files/0248dd1a9160157c7e4e39f43878a49707af3d2bb2f635363fa49c996b813ade [none]
[debug] [2021-08-02T07:47:43.946Z] >>> [apiv2][body] POST https://upload-firebasehosting.googleapis.com/upload/sites/amzone-clone-b8f5f/versions/741771cd918aff22/files/0248dd1a9160157c7e4e39f43878a49707af3d2bb2f635363fa49c996b813ade [stream]
[debug] [2021-08-02T07:47:43.949Z] >>> [apiv2][query] POST https://upload-firebasehosting.googleapis.com/upload/sites/amzone-clone-b8f5f/versions/741771cd918aff22/files/11fb44bfbb2a18f1d2d0447ce6e52f11ef5688d322249e882b29ee0538be001c [none]
[debug] [2021-08-02T07:47:43.949Z] >>> [apiv2][body] POST https://upload-firebasehosting.googleapis.com/upload/sites/amzone-clone-b8f5f/versions/741771cd918aff22/files/11fb44bfbb2a18f1d2d0447ce6e52f11ef5688d322249e882b29ee0538be001c [stream]
[debug] [2021-08-02T07:47:43.952Z] >>> [apiv2][query] POST https://upload-firebasehosting.googleapis.com/upload/sites/amzone-clone-b8f5f/versions/741771cd918aff22/files/df59f979fe6f3f404b2fb5dff5a10d237021f6e8fb5d57bf6ccd6ff973a49555 [none]
[debug] [2021-08-02T07:47:43.952Z] >>> [apiv2][body] POST https://upload-firebasehosting.googleapis.com/upload/sites/amzone-clone-b8f5f/versions/741771cd918aff22/files/df59f979fe6f3f404b2fb5dff5a10d237021f6e8fb5d57bf6ccd6ff973a49555 [stream]
[debug] [2021-08-02T07:47:43.954Z] >>> [apiv2][query] POST https://upload-firebasehosting.googleapis.com/upload/sites/amzone-clone-b8f5f/versions/741771cd918aff22/files/5d6c81ad42ec2ee864e718272cc862e87d97ab7f8ca7de4a86621f320be1be52 [none]
[debug] [2021-08-02T07:47:43.955Z] >>> [apiv2][body] POST https://upload-firebasehosting.googleapis.com/upload/sites/amzone-clone-b8f5f/versions/741771cd918aff22/files/5d6c81ad42ec2ee864e718272cc862e87d97ab7f8ca7de4a86621f320be1be52 [stream]
[debug] [2021-08-02T07:47:43.958Z] >>> [apiv2][query] POST https://upload-firebasehosting.googleapis.com/upload/sites/amzone-clone-b8f5f/versions/741771cd918aff22/files/c22c75349574a59123d93ef6782766edd2a199d8a5df1584c65393d0486b13a3 [none]
[debug] [2021-08-02T07:47:43.958Z] >>> [apiv2][body] POST https://upload-firebasehosting.googleapis.com/upload/sites/amzone-clone-b8f5f/versions/741771cd918aff22/files/c22c75349574a59123d93ef6782766edd2a199d8a5df1584c65393d0486b13a3 [stream]
[debug] [2021-08-02T07:47:43.972Z] >>> [apiv2][query] POST https://upload-firebasehosting.googleapis.com/upload/sites/amzone-clone-b8f5f/versions/741771cd918aff22/files/8519abfb98daa62e2c6f0be3ac03d7c85e1f08ad6b42f9a091f9e5c1a053c872 [none]
[debug] [2021-08-02T07:47:43.972Z] >>> [apiv2][body] POST https://upload-firebasehosting.googleapis.com/upload/sites/amzone-clone-b8f5f/versions/741771cd918aff22/files/8519abfb98daa62e2c6f0be3ac03d7c85e1f08ad6b42f9a091f9e5c1a053c872 [stream]
[debug] [2021-08-02T07:47:43.975Z] >>> [apiv2][query] POST https://upload-firebasehosting.googleapis.com/upload/sites/amzone-clone-b8f5f/versions/741771cd918aff22/files/8a523bafe89565ac7c9b8eed02fde28754dff2b759813f7171be48f152d50fcf [none]
[debug] [2021-08-02T07:47:43.975Z] >>> [apiv2][body] POST https://upload-firebasehosting.googleapis.com/upload/sites/amzone-clone-b8f5f/versions/741771cd918aff22/files/8a523bafe89565ac7c9b8eed02fde28754dff2b759813f7171be48f152d50fcf [stream]
[debug] [2021-08-02T07:47:43.977Z] >>> [apiv2][query] POST https://upload-firebasehosting.googleapis.com/upload/sites/amzone-clone-b8f5f/versions/741771cd918aff22/files/ee8517f3a5238d526078b8ef4718106a141dc703354a6e4427dcd725b1ee09c9 [none]
[debug] [2021-08-02T07:47:43.978Z] >>> [apiv2][body] POST https://upload-firebasehosting.googleapis.com/upload/sites/amzone-clone-b8f5f/versions/741771cd918aff22/files/ee8517f3a5238d526078b8ef4718106a141dc703354a6e4427dcd725b1ee09c9 [stream]
[debug] [2021-08-02T07:47:43.980Z] [hosting][populate queue][FINAL] {"max":2827,"min":2827,"avg":2827,"active":0,"complete":1,"success":1,"errored":0,"retried":0,"total":1,"elapsed":2876}
[debug] [2021-08-02T07:47:43.981Z] [hosting] uploads queued: 10
[debug] [2021-08-02T07:47:46.280Z] <<< [apiv2][status] POST https://upload-firebasehosting.googleapis.com/upload/sites/amzone-clone-b8f5f/versions/741771cd918aff22/files/0248dd1a9160157c7e4e39f43878a49707af3d2bb2f635363fa49c996b813ade 200
[debug] [2021-08-02T07:47:46.281Z] <<< [apiv2][body] POST https://upload-firebasehosting.googleapis.com/upload/sites/amzone-clone-b8f5f/versions/741771cd918aff22/files/0248dd1a9160157c7e4e39f43878a49707af3d2bb2f635363fa49c996b813ade [stream]
[debug] [2021-08-02T07:47:46.413Z] <<< [apiv2][status] POST https://upload-firebasehosting.googleapis.com/upload/sites/amzone-clone-b8f5f/versions/741771cd918aff22/files/c22c75349574a59123d93ef6782766edd2a199d8a5df1584c65393d0486b13a3 200
[debug] [2021-08-02T07:47:46.413Z] <<< [apiv2][body] POST https://upload-firebasehosting.googleapis.com/upload/sites/amzone-clone-b8f5f/versions/741771cd918aff22/files/c22c75349574a59123d93ef6782766edd2a199d8a5df1584c65393d0486b13a3 [stream]
[debug] [2021-08-02T07:47:46.455Z] <<< [apiv2][status] POST https://upload-firebasehosting.googleapis.com/upload/sites/amzone-clone-b8f5f/versions/741771cd918aff22/files/ee8517f3a5238d526078b8ef4718106a141dc703354a6e4427dcd725b1ee09c9 200
[debug] [2021-08-02T07:47:46.455Z] <<< [apiv2][body] POST https://upload-firebasehosting.googleapis.com/upload/sites/amzone-clone-b8f5f/versions/741771cd918aff22/files/ee8517f3a5238d526078b8ef4718106a141dc703354a6e4427dcd725b1ee09c9 [stream]
[debug] [2021-08-02T07:47:46.473Z] <<< [apiv2][status] POST https://upload-firebasehosting.googleapis.com/upload/sites/amzone-clone-b8f5f/versions/741771cd918aff22/files/11fb44bfbb2a18f1d2d0447ce6e52f11ef5688d322249e882b29ee0538be001c 200
[debug] [2021-08-02T07:47:46.474Z] <<< [apiv2][body] POST https://upload-firebasehosting.googleapis.com/upload/sites/amzone-clone-b8f5f/versions/741771cd918aff22/files/11fb44bfbb2a18f1d2d0447ce6e52f11ef5688d322249e882b29ee0538be001c [stream]
[debug] [2021-08-02T07:47:46.498Z] <<< [apiv2][status] POST https://upload-firebasehosting.googleapis.com/upload/sites/amzone-clone-b8f5f/versions/741771cd918aff22/files/8519abfb98daa62e2c6f0be3ac03d7c85e1f08ad6b42f9a091f9e5c1a053c872 200
[debug] [2021-08-02T07:47:46.499Z] <<< [apiv2][body] POST https://upload-firebasehosting.googleapis.com/upload/sites/amzone-clone-b8f5f/versions/741771cd918aff22/files/8519abfb98daa62e2c6f0be3ac03d7c85e1f08ad6b42f9a091f9e5c1a053c872 [stream]
[debug] [2021-08-02T07:47:46.535Z] <<< [apiv2][status] POST https://upload-firebasehosting.googleapis.com/upload/sites/amzone-clone-b8f5f/versions/741771cd918aff22/files/df59f979fe6f3f404b2fb5dff5a10d237021f6e8fb5d57bf6ccd6ff973a49555 200
[debug] [2021-08-02T07:47:46.536Z] <<< [apiv2][body] POST https://upload-firebasehosting.googleapis.com/upload/sites/amzone-clone-b8f5f/versions/741771cd918aff22/files/df59f979fe6f3f404b2fb5dff5a10d237021f6e8fb5d57bf6ccd6ff973a49555 [stream]
[debug] [2021-08-02T07:47:46.846Z] <<< [apiv2][status] POST https://upload-firebasehosting.googleapis.com/upload/sites/amzone-clone-b8f5f/versions/741771cd918aff22/files/837935028083fb349e691e66145d6ad01518348371a26add1ec4551cf9808ff3 200
[debug] [2021-08-02T07:47:46.847Z] <<< [apiv2][body] POST https://upload-firebasehosting.googleapis.com/upload/sites/amzone-clone-b8f5f/versions/741771cd918aff22/files/837935028083fb349e691e66145d6ad01518348371a26add1ec4551cf9808ff3 [stream]
[debug] [2021-08-02T07:47:46.851Z] <<< [apiv2][status] POST https://upload-firebasehosting.googleapis.com/upload/sites/amzone-clone-b8f5f/versions/741771cd918aff22/files/5d6c81ad42ec2ee864e718272cc862e87d97ab7f8ca7de4a86621f320be1be52 200
[debug] [2021-08-02T07:47:46.851Z] <<< [apiv2][body] POST https://upload-firebasehosting.googleapis.com/upload/sites/amzone-clone-b8f5f/versions/741771cd918aff22/files/5d6c81ad42ec2ee864e718272cc862e87d97ab7f8ca7de4a86621f320be1be52 [stream]
[debug] [2021-08-02T07:47:48.969Z] <<< [apiv2][status] POST https://upload-firebasehosting.googleapis.com/upload/sites/amzone-clone-b8f5f/versions/741771cd918aff22/files/f9c7cdc89d8e3a0b92cdff4976a2e2f46f09bf90d4960a6fb35a4f74443a12e4 200
[debug] [2021-08-02T07:47:48.970Z] <<< [apiv2][body] POST https://upload-firebasehosting.googleapis.com/upload/sites/amzone-clone-b8f5f/versions/741771cd918aff22/files/f9c7cdc89d8e3a0b92cdff4976a2e2f46f09bf90d4960a6fb35a4f74443a12e4 [stream]
[debug] [2021-08-02T07:47:56.169Z] <<< [apiv2][status] POST https://upload-firebasehosting.googleapis.com/upload/sites/amzone-clone-b8f5f/versions/741771cd918aff22/files/8a523bafe89565ac7c9b8eed02fde28754dff2b759813f7171be48f152d50fcf 200
[debug] [2021-08-02T07:47:56.169Z] <<< [apiv2][body] POST https://upload-firebasehosting.googleapis.com/upload/sites/amzone-clone-b8f5f/versions/741771cd918aff22/files/8a523bafe89565ac7c9b8eed02fde28754dff2b759813f7171be48f152d50fcf [stream]
[debug] [2021-08-02T07:47:56.170Z] [hosting][upload queue][FINAL] {"max":12241,"min":2362,"avg":3827.2,"active":0,"complete":10,"success":10,"errored":0,"retried":0,"total":10,"elapsed":12257}
[info] +  hosting[amzone-clone-b8f5f]: file upload complete 
[debug] [2021-08-02T07:47:56.175Z] [hosting] deploy completed after 16226ms
[info] i  functions: creating Node.js 14 function app(us-central1)... 
[debug] [2021-08-02T07:47:56.204Z] > refreshing access token with scopes: ["email","https://www.googleapis.com/auth/cloud-platform","https://www.googleapis.com/auth/cloudplatformprojects.readonly","https://www.googleapis.com/auth/firebase","openid"]
[debug] [2021-08-02T07:47:56.205Z] >>> HTTP REQUEST POST https://www.googleapis.com/oauth2/v3/token  
 <request body omitted>
[debug] [2021-08-02T07:47:56.808Z] <<< HTTP RESPONSE 200 {"cache-control":"no-cache, no-store, max-age=0, must-revalidate","date":"Mon, 02 Aug 2021 07:47:57 GMT","expires":"Mon, 01 Jan 1990 00:00:00 GMT","pragma":"no-cache","content-type":"application/json; charset=utf-8","vary":"X-Origin, Referer, Origin,Accept-Encoding","server":"scaffolding on HTTPServer2","x-xss-protection":"0","x-frame-options":"SAMEORIGIN","x-content-type-options":"nosniff","alt-svc":"h3=\":443\"; ma=2592000,h3-29=\":443\"; ma=2592000,h3-T051=\":443\"; ma=2592000,h3-Q050=\":443\"; ma=2592000,h3-Q046=\":443\"; ma=2592000,h3-Q043=\":443\"; ma=2592000,quic=\":443\"; ma=2592000; v=\"46,43\"","accept-ranges":"none","transfer-encoding":"chunked"}
[debug] [2021-08-02T07:47:56.890Z] >>> HTTP REQUEST POST https://cloudfunctions.googleapis.com/v1/projects/amzone-clone-b8f5f/locations/us-central1/functions  
 {"name":"projects/amzone-clone-b8f5f/locations/us-central1/functions/app","sourceUploadUrl":"https://storage.googleapis.com/gcf-upload-us-central1-aed9fdfa-72b3-43ef-bfad-a135b963be7c/bbedfbbc-2392-4966-8635-fa4badf4e159.zip?GoogleAccessId=service-799683639137@gcf-admin-robot.iam.gserviceaccount.com&Expires=1627892257&Signature=DZofGNVwyZr%2BPY7geemO4ay%2Boc3Q06F65LJlWec10UXKr6elEqqlEP43%2FPNVnxWzDUhVEWSv8h9jvxqWih6cbb4s%2FqXeqte%2Bvinv%2Fngzz62iSkTkzT7%2FudH%2FsS70lVjh%2BHEeV9C19kL0a9%2BsC4IzW6vV%2BCRAS6rwTPaPOCG5UEPFR7VBp7tyw5GvoBJX2b%2BkeBbtod%2BalDeDEY2fukOJ%2Fh7WnEWrqKE3ialx1VBiO%2FuyzuRerkRMgCU0ENXtm1nBhYSeB%2FeL8a%2BQZtu9DD5lyDg1sBfQTggqWV%2F5T4Wf0zAtghNCko07f%2Bg%2Fu0kyhD61kmM%2F%2BNaGOpSunxO7p8pC8A%3D%3D","entryPoint":"app","runtime":"nodejs14","httpsTrigger":{"securityLevel":"SECURE_OPTIONAL"},"labels":{"deployment-tool":"cli-firebase"},"environmentVariables":{"FIREBASE_CONFIG":"{\"projectId\":\"amzone-clone-b8f5f\",\"storageBucket\":\"amzone-clone-b8f5f.appspot.com\"}"}}
[debug] [2021-08-02T07:47:58.013Z] <<< HTTP RESPONSE 200 {"content-type":"application/json; charset=UTF-8","vary":"X-Origin, Referer, Origin,Accept-Encoding","date":"Mon, 02 Aug 2021 07:47:59 GMT","server":"ESF","cache-control":"private","x-xss-protection":"0","x-frame-options":"SAMEORIGIN","x-content-type-options":"nosniff","alt-svc":"h3=\":443\"; ma=2592000,h3-29=\":443\"; ma=2592000,h3-T051=\":443\"; ma=2592000,h3-Q050=\":443\"; ma=2592000,h3-Q046=\":443\"; ma=2592000,h3-Q043=\":443\"; ma=2592000,quic=\":443\"; ma=2592000; v=\"46,43\"","accept-ranges":"none","transfer-encoding":"chunked"}
[debug] [2021-08-02T07:47:58.017Z] > refreshing access token with scopes: []
[debug] [2021-08-02T07:47:58.017Z] >>> HTTP REQUEST POST https://www.googleapis.com/oauth2/v3/token  
 <request body omitted>
[debug] [2021-08-02T07:47:58.553Z] <<< HTTP RESPONSE 200 {"cache-control":"no-cache, no-store, max-age=0, must-revalidate","expires":"Mon, 01 Jan 1990 00:00:00 GMT","pragma":"no-cache","date":"Mon, 02 Aug 2021 07:47:59 GMT","content-type":"application/json; charset=utf-8","vary":"X-Origin, Referer, Origin,Accept-Encoding","server":"scaffolding on HTTPServer2","x-xss-protection":"0","x-frame-options":"SAMEORIGIN","x-content-type-options":"nosniff","alt-svc":"h3=\":443\"; ma=2592000,h3-29=\":443\"; ma=2592000,h3-T051=\":443\"; ma=2592000,h3-Q050=\":443\"; ma=2592000,h3-Q046=\":443\"; ma=2592000,h3-Q043=\":443\"; ma=2592000,quic=\":443\"; ma=2592000; v=\"46,43\"","accept-ranges":"none","transfer-encoding":"chunked"}
[debug] [2021-08-02T07:47:58.628Z] >>> [apiv2][query] GET https://cloudfunctions.googleapis.com/v1/operations/YW16b25lLWNsb25lLWI4ZjVmL3VzLWNlbnRyYWwxL2FwcC9vcE9CZ3ExSG41MA [none]
[debug] [2021-08-02T07:47:59.499Z] <<< [apiv2][status] GET https://cloudfunctions.googleapis.com/v1/operations/YW16b25lLWNsb25lLWI4ZjVmL3VzLWNlbnRyYWwxL2FwcC9vcE9CZ3ExSG41MA 200
[debug] [2021-08-02T07:47:59.499Z] <<< [apiv2][body] GET https://cloudfunctions.googleapis.com/v1/operations/YW16b25lLWNsb25lLWI4ZjVmL3VzLWNlbnRyYWwxL2FwcC9vcE9CZ3ExSG41MA {"name":"operations/YW16b25lLWNsb25lLWI4ZjVmL3VzLWNlbnRyYWwxL2FwcC9vcE9CZ3ExSG41MA","metadata":{"@type":"type.googleapis.com/google.cloud.functions.v1.OperationMetadataV1","target":"projects/amzone-clone-b8f5f/locations/us-central1/functions/app","type":"CREATE_FUNCTION","request":{"@type":"type.googleapis.com/google.cloud.functions.v1.CloudFunction","name":"projects/amzone-clone-b8f5f/locations/us-central1/functions/app","httpsTrigger":{"securityLevel":"SECURE_OPTIONAL"},"entryPoint":"app","labels":{"deployment-tool":"cli-firebase"},"sourceUploadUrl":"https://storage.googleapis.com/gcf-upload-us-central1-aed9fdfa-72b3-43ef-bfad-a135b963be7c/bbedfbbc-2392-4966-8635-fa4badf4e159.zip?GoogleAccessId=service-799683639137@gcf-admin-robot.iam.gserviceaccount.com&Expires=1627892257&Signature=DZofGNVwyZr%2BPY7geemO4ay%2Boc3Q06F65LJlWec10UXKr6elEqqlEP43%2FPNVnxWzDUhVEWSv8h9jvxqWih6cbb4s%2FqXeqte%2Bvinv%2Fngzz62iSkTkzT7%2FudH%2FsS70lVjh%2BHEeV9C19kL0a9%2BsC4IzW6vV%2BCRAS6rwTPaPOCG5UEPFR7VBp7tyw5GvoBJX2b%2BkeBbtod%2BalDeDEY2fukOJ%2Fh7WnEWrqKE3ialx1VBiO%2FuyzuRerkRMgCU0ENXtm1nBhYSeB%2FeL8a%2BQZtu9DD5lyDg1sBfQTggqWV%2F5T4Wf0zAtghNCko07f%2Bg%2Fu0kyhD61kmM%2F%2BNaGOpSunxO7p8pC8A%3D%3D","environmentVariables":{"FIREBASE_CONFIG":"{\"projectId\":\"amzone-clone-b8f5f\",\"storageBucket\":\"amzone-clone-b8f5f.appspot.com\"}"},"runtime":"nodejs14"},"versionId":"1","updateTime":"2021-08-02T07:47:59Z"}}
[debug] [2021-08-02T07:48:00.008Z] [create-projects/amzone-clone-b8f5f/locations/us-central1/functions/app] Retrying task index 0
[debug] [2021-08-02T07:48:00.009Z] >>> [apiv2][query] GET https://cloudfunctions.googleapis.com/v1/operations/YW16b25lLWNsb25lLWI4ZjVmL3VzLWNlbnRyYWwxL2FwcC9vcE9CZ3ExSG41MA [none]
[debug] [2021-08-02T07:48:00.852Z] <<< [apiv2][status] GET https://cloudfunctions.googleapis.com/v1/operations/YW16b25lLWNsb25lLWI4ZjVmL3VzLWNlbnRyYWwxL2FwcC9vcE9CZ3ExSG41MA 200
[debug] [2021-08-02T07:48:00.852Z] <<< [apiv2][body] GET https://cloudfunctions.googleapis.com/v1/operations/YW16b25lLWNsb25lLWI4ZjVmL3VzLWNlbnRyYWwxL2FwcC9vcE9CZ3ExSG41MA {"name":"operations/YW16b25lLWNsb25lLWI4ZjVmL3VzLWNlbnRyYWwxL2FwcC9vcE9CZ3ExSG41MA","metadata":{"@type":"type.googleapis.com/google.cloud.functions.v1.OperationMetadataV1","target":"projects/amzone-clone-b8f5f/locations/us-central1/functions/app","type":"CREATE_FUNCTION","request":{"@type":"type.googleapis.com/google.cloud.functions.v1.CloudFunction","name":"projects/amzone-clone-b8f5f/locations/us-central1/functions/app","httpsTrigger":{"securityLevel":"SECURE_OPTIONAL"},"entryPoint":"app","labels":{"deployment-tool":"cli-firebase"},"sourceUploadUrl":"https://storage.googleapis.com/gcf-upload-us-central1-aed9fdfa-72b3-43ef-bfad-a135b963be7c/bbedfbbc-2392-4966-8635-fa4badf4e159.zip?GoogleAccessId=service-799683639137@gcf-admin-robot.iam.gserviceaccount.com&Expires=1627892257&Signature=DZofGNVwyZr%2BPY7geemO4ay%2Boc3Q06F65LJlWec10UXKr6elEqqlEP43%2FPNVnxWzDUhVEWSv8h9jvxqWih6cbb4s%2FqXeqte%2Bvinv%2Fngzz62iSkTkzT7%2FudH%2FsS70lVjh%2BHEeV9C19kL0a9%2BsC4IzW6vV%2BCRAS6rwTPaPOCG5UEPFR7VBp7tyw5GvoBJX2b%2BkeBbtod%2BalDeDEY2fukOJ%2Fh7WnEWrqKE3ialx1VBiO%2FuyzuRerkRMgCU0ENXtm1nBhYSeB%2FeL8a%2BQZtu9DD5lyDg1sBfQTggqWV%2F5T4Wf0zAtghNCko07f%2Bg%2Fu0kyhD61kmM%2F%2BNaGOpSunxO7p8pC8A%3D%3D","environmentVariables":{"FIREBASE_CONFIG":"{\"projectId\":\"amzone-clone-b8f5f\",\"storageBucket\":\"amzone-clone-b8f5f.appspot.com\"}"},"runtime":"nodejs14"},"versionId":"1","updateTime":"2021-08-02T07:47:59Z","buildId":"a87cf383-b132-429a-9274-534ee85ff1ce","buildName":"projects/799683639137/locations/us-central1/builds/a87cf383-b132-429a-9274-534ee85ff1ce"}}
[debug] [2021-08-02T07:48:01.854Z] [create-projects/amzone-clone-b8f5f/locations/us-central1/functions/app] Retrying task index 0
[debug] [2021-08-02T07:48:01.855Z] >>> [apiv2][query] GET https://cloudfunctions.googleapis.com/v1/operations/YW16b25lLWNsb25lLWI4ZjVmL3VzLWNlbnRyYWwxL2FwcC9vcE9CZ3ExSG41MA [none]
[debug] [2021-08-02T07:48:02.715Z] <<< [apiv2][status] GET https://cloudfunctions.googleapis.com/v1/operations/YW16b25lLWNsb25lLWI4ZjVmL3VzLWNlbnRyYWwxL2FwcC9vcE9CZ3ExSG41MA 200
[debug] [2021-08-02T07:48:02.716Z] <<< [apiv2][body] GET https://cloudfunctions.googleapis.com/v1/operations/YW16b25lLWNsb25lLWI4ZjVmL3VzLWNlbnRyYWwxL2FwcC9vcE9CZ3ExSG41MA {"name":"operations/YW16b25lLWNsb25lLWI4ZjVmL3VzLWNlbnRyYWwxL2FwcC9vcE9CZ3ExSG41MA","metadata":{"@type":"type.googleapis.com/google.cloud.functions.v1.OperationMetadataV1","target":"projects/amzone-clone-b8f5f/locations/us-central1/functions/app","type":"CREATE_FUNCTION","request":{"@type":"type.googleapis.com/google.cloud.functions.v1.CloudFunction","name":"projects/amzone-clone-b8f5f/locations/us-central1/functions/app","httpsTrigger":{"securityLevel":"SECURE_OPTIONAL"},"entryPoint":"app","labels":{"deployment-tool":"cli-firebase"},"sourceUploadUrl":"https://storage.googleapis.com/gcf-upload-us-central1-aed9fdfa-72b3-43ef-bfad-a135b963be7c/bbedfbbc-2392-4966-8635-fa4badf4e159.zip?GoogleAccessId=service-799683639137@gcf-admin-robot.iam.gserviceaccount.com&Expires=1627892257&Signature=DZofGNVwyZr%2BPY7geemO4ay%2Boc3Q06F65LJlWec10UXKr6elEqqlEP43%2FPNVnxWzDUhVEWSv8h9jvxqWih6cbb4s%2FqXeqte%2Bvinv%2Fngzz62iSkTkzT7%2FudH%2FsS70lVjh%2BHEeV9C19kL0a9%2BsC4IzW6vV%2BCRAS6rwTPaPOCG5UEPFR7VBp7tyw5GvoBJX2b%2BkeBbtod%2BalDeDEY2fukOJ%2Fh7WnEWrqKE3ialx1VBiO%2FuyzuRerkRMgCU0ENXtm1nBhYSeB%2FeL8a%2BQZtu9DD5lyDg1sBfQTggqWV%2F5T4Wf0zAtghNCko07f%2Bg%2Fu0kyhD61kmM%2F%2BNaGOpSunxO7p8pC8A%3D%3D","environmentVariables":{"FIREBASE_CONFIG":"{\"projectId\":\"amzone-clone-b8f5f\",\"storageBucket\":\"amzone-clone-b8f5f.appspot.com\"}"},"runtime":"nodejs14"},"versionId":"1","updateTime":"2021-08-02T07:47:59Z","buildId":"a87cf383-b132-429a-9274-534ee85ff1ce","buildName":"projects/799683639137/locations/us-central1/builds/a87cf383-b132-429a-9274-534ee85ff1ce"}}
[debug] [2021-08-02T07:48:04.726Z] [create-projects/amzone-clone-b8f5f/locations/us-central1/functions/app] Retrying task index 0
[debug] [2021-08-02T07:48:04.726Z] >>> [apiv2][query] GET https://cloudfunctions.googleapis.com/v1/operations/YW16b25lLWNsb25lLWI4ZjVmL3VzLWNlbnRyYWwxL2FwcC9vcE9CZ3ExSG41MA [none]
[debug] [2021-08-02T07:48:07.383Z] <<< [apiv2][status] GET https://cloudfunctions.googleapis.com/v1/operations/YW16b25lLWNsb25lLWI4ZjVmL3VzLWNlbnRyYWwxL2FwcC9vcE9CZ3ExSG41MA 200
[debug] [2021-08-02T07:48:07.384Z] <<< [apiv2][body] GET https://cloudfunctions.googleapis.com/v1/operations/YW16b25lLWNsb25lLWI4ZjVmL3VzLWNlbnRyYWwxL2FwcC9vcE9CZ3ExSG41MA {"name":"operations/YW16b25lLWNsb25lLWI4ZjVmL3VzLWNlbnRyYWwxL2FwcC9vcE9CZ3ExSG41MA","metadata":{"@type":"type.googleapis.com/google.cloud.functions.v1.OperationMetadataV1","target":"projects/amzone-clone-b8f5f/locations/us-central1/functions/app","type":"CREATE_FUNCTION","request":{"@type":"type.googleapis.com/google.cloud.functions.v1.CloudFunction","name":"projects/amzone-clone-b8f5f/locations/us-central1/functions/app","httpsTrigger":{"securityLevel":"SECURE_OPTIONAL"},"entryPoint":"app","labels":{"deployment-tool":"cli-firebase"},"sourceUploadUrl":"https://storage.googleapis.com/gcf-upload-us-central1-aed9fdfa-72b3-43ef-bfad-a135b963be7c/bbedfbbc-2392-4966-8635-fa4badf4e159.zip?GoogleAccessId=service-799683639137@gcf-admin-robot.iam.gserviceaccount.com&Expires=1627892257&Signature=DZofGNVwyZr%2BPY7geemO4ay%2Boc3Q06F65LJlWec10UXKr6elEqqlEP43%2FPNVnxWzDUhVEWSv8h9jvxqWih6cbb4s%2FqXeqte%2Bvinv%2Fngzz62iSkTkzT7%2FudH%2FsS70lVjh%2BHEeV9C19kL0a9%2BsC4IzW6vV%2BCRAS6rwTPaPOCG5UEPFR7VBp7tyw5GvoBJX2b%2BkeBbtod%2BalDeDEY2fukOJ%2Fh7WnEWrqKE3ialx1VBiO%2FuyzuRerkRMgCU0ENXtm1nBhYSeB%2FeL8a%2BQZtu9DD5lyDg1sBfQTggqWV%2F5T4Wf0zAtghNCko07f%2Bg%2Fu0kyhD61kmM%2F%2BNaGOpSunxO7p8pC8A%3D%3D","environmentVariables":{"FIREBASE_CONFIG":"{\"projectId\":\"amzone-clone-b8f5f\",\"storageBucket\":\"amzone-clone-b8f5f.appspot.com\"}"},"runtime":"nodejs14"},"versionId":"1","updateTime":"2021-08-02T07:47:59Z","buildId":"a87cf383-b132-429a-9274-534ee85ff1ce","buildName":"projects/799683639137/locations/us-central1/builds/a87cf383-b132-429a-9274-534ee85ff1ce"}}
[debug] [2021-08-02T07:48:11.400Z] [create-projects/amzone-clone-b8f5f/locations/us-central1/functions/app] Retrying task index 0
[debug] [2021-08-02T07:48:11.403Z] >>> [apiv2][query] GET https://cloudfunctions.googleapis.com/v1/operations/YW16b25lLWNsb25lLWI4ZjVmL3VzLWNlbnRyYWwxL2FwcC9vcE9CZ3ExSG41MA [none]
[debug] [2021-08-02T07:48:13.263Z] <<< [apiv2][status] GET https://cloudfunctions.googleapis.com/v1/operations/YW16b25lLWNsb25lLWI4ZjVmL3VzLWNlbnRyYWwxL2FwcC9vcE9CZ3ExSG41MA 200
[debug] [2021-08-02T07:48:13.263Z] <<< [apiv2][body] GET https://cloudfunctions.googleapis.com/v1/operations/YW16b25lLWNsb25lLWI4ZjVmL3VzLWNlbnRyYWwxL2FwcC9vcE9CZ3ExSG41MA {"name":"operations/YW16b25lLWNsb25lLWI4ZjVmL3VzLWNlbnRyYWwxL2FwcC9vcE9CZ3ExSG41MA","metadata":{"@type":"type.googleapis.com/google.cloud.functions.v1.OperationMetadataV1","target":"projects/amzone-clone-b8f5f/locations/us-central1/functions/app","type":"CREATE_FUNCTION","request":{"@type":"type.googleapis.com/google.cloud.functions.v1.CloudFunction","name":"projects/amzone-clone-b8f5f/locations/us-central1/functions/app","httpsTrigger":{"securityLevel":"SECURE_OPTIONAL"},"entryPoint":"app","labels":{"deployment-tool":"cli-firebase"},"sourceUploadUrl":"https://storage.googleapis.com/gcf-upload-us-central1-aed9fdfa-72b3-43ef-bfad-a135b963be7c/bbedfbbc-2392-4966-8635-fa4badf4e159.zip?GoogleAccessId=service-799683639137@gcf-admin-robot.iam.gserviceaccount.com&Expires=1627892257&Signature=DZofGNVwyZr%2BPY7geemO4ay%2Boc3Q06F65LJlWec10UXKr6elEqqlEP43%2FPNVnxWzDUhVEWSv8h9jvxqWih6cbb4s%2FqXeqte%2Bvinv%2Fngzz62iSkTkzT7%2FudH%2FsS70lVjh%2BHEeV9C19kL0a9%2BsC4IzW6vV%2BCRAS6rwTPaPOCG5UEPFR7VBp7tyw5GvoBJX2b%2BkeBbtod%2BalDeDEY2fukOJ%2Fh7WnEWrqKE3ialx1VBiO%2FuyzuRerkRMgCU0ENXtm1nBhYSeB%2FeL8a%2BQZtu9DD5lyDg1sBfQTggqWV%2F5T4Wf0zAtghNCko07f%2Bg%2Fu0kyhD61kmM%2F%2BNaGOpSunxO7p8pC8A%3D%3D","environmentVariables":{"FIREBASE_CONFIG":"{\"projectId\":\"amzone-clone-b8f5f\",\"storageBucket\":\"amzone-clone-b8f5f.appspot.com\"}"},"runtime":"nodejs14"},"versionId":"1","updateTime":"2021-08-02T07:47:59Z","buildId":"a87cf383-b132-429a-9274-534ee85ff1ce","buildName":"projects/799683639137/locations/us-central1/builds/a87cf383-b132-429a-9274-534ee85ff1ce"}}
[debug] [2021-08-02T07:48:21.267Z] [create-projects/amzone-clone-b8f5f/locations/us-central1/functions/app] Retrying task index 0
[debug] [2021-08-02T07:48:21.269Z] >>> [apiv2][query] GET https://cloudfunctions.googleapis.com/v1/operations/YW16b25lLWNsb25lLWI4ZjVmL3VzLWNlbnRyYWwxL2FwcC9vcE9CZ3ExSG41MA [none]
[debug] [2021-08-02T07:48:22.506Z] <<< [apiv2][status] GET https://cloudfunctions.googleapis.com/v1/operations/YW16b25lLWNsb25lLWI4ZjVmL3VzLWNlbnRyYWwxL2FwcC9vcE9CZ3ExSG41MA 200
[debug] [2021-08-02T07:48:22.507Z] <<< [apiv2][body] GET https://cloudfunctions.googleapis.com/v1/operations/YW16b25lLWNsb25lLWI4ZjVmL3VzLWNlbnRyYWwxL2FwcC9vcE9CZ3ExSG41MA {"name":"operations/YW16b25lLWNsb25lLWI4ZjVmL3VzLWNlbnRyYWwxL2FwcC9vcE9CZ3ExSG41MA","metadata":{"@type":"type.googleapis.com/google.cloud.functions.v1.OperationMetadataV1","target":"projects/amzone-clone-b8f5f/locations/us-central1/functions/app","type":"CREATE_FUNCTION","request":{"@type":"type.googleapis.com/google.cloud.functions.v1.CloudFunction","name":"projects/amzone-clone-b8f5f/locations/us-central1/functions/app","httpsTrigger":{"securityLevel":"SECURE_OPTIONAL"},"entryPoint":"app","labels":{"deployment-tool":"cli-firebase"},"sourceUploadUrl":"https://storage.googleapis.com/gcf-upload-us-central1-aed9fdfa-72b3-43ef-bfad-a135b963be7c/bbedfbbc-2392-4966-8635-fa4badf4e159.zip?GoogleAccessId=service-799683639137@gcf-admin-robot.iam.gserviceaccount.com&Expires=1627892257&Signature=DZofGNVwyZr%2BPY7geemO4ay%2Boc3Q06F65LJlWec10UXKr6elEqqlEP43%2FPNVnxWzDUhVEWSv8h9jvxqWih6cbb4s%2FqXeqte%2Bvinv%2Fngzz62iSkTkzT7%2FudH%2FsS70lVjh%2BHEeV9C19kL0a9%2BsC4IzW6vV%2BCRAS6rwTPaPOCG5UEPFR7VBp7tyw5GvoBJX2b%2BkeBbtod%2BalDeDEY2fukOJ%2Fh7WnEWrqKE3ialx1VBiO%2FuyzuRerkRMgCU0ENXtm1nBhYSeB%2FeL8a%2BQZtu9DD5lyDg1sBfQTggqWV%2F5T4Wf0zAtghNCko07f%2Bg%2Fu0kyhD61kmM%2F%2BNaGOpSunxO7p8pC8A%3D%3D","environmentVariables":{"FIREBASE_CONFIG":"{\"projectId\":\"amzone-clone-b8f5f\",\"storageBucket\":\"amzone-clone-b8f5f.appspot.com\"}"},"runtime":"nodejs14"},"versionId":"1","updateTime":"2021-08-02T07:47:59Z","buildId":"a87cf383-b132-429a-9274-534ee85ff1ce","buildName":"projects/799683639137/locations/us-central1/builds/a87cf383-b132-429a-9274-534ee85ff1ce"}}
[debug] [2021-08-02T07:48:38.525Z] [create-projects/amzone-clone-b8f5f/locations/us-central1/functions/app] Retrying task index 0
[debug] [2021-08-02T07:48:38.527Z] >>> [apiv2][query] GET https://cloudfunctions.googleapis.com/v1/operations/YW16b25lLWNsb25lLWI4ZjVmL3VzLWNlbnRyYWwxL2FwcC9vcE9CZ3ExSG41MA [none]
[debug] [2021-08-02T07:48:40.615Z] <<< [apiv2][status] GET https://cloudfunctions.googleapis.com/v1/operations/YW16b25lLWNsb25lLWI4ZjVmL3VzLWNlbnRyYWwxL2FwcC9vcE9CZ3ExSG41MA 200
[debug] [2021-08-02T07:48:40.615Z] <<< [apiv2][body] GET https://cloudfunctions.googleapis.com/v1/operations/YW16b25lLWNsb25lLWI4ZjVmL3VzLWNlbnRyYWwxL2FwcC9vcE9CZ3ExSG41MA {"name":"operations/YW16b25lLWNsb25lLWI4ZjVmL3VzLWNlbnRyYWwxL2FwcC9vcE9CZ3ExSG41MA","metadata":{"@type":"type.googleapis.com/google.cloud.functions.v1.OperationMetadataV1","target":"projects/amzone-clone-b8f5f/locations/us-central1/functions/app","type":"CREATE_FUNCTION","request":{"@type":"type.googleapis.com/google.cloud.functions.v1.CloudFunction","name":"projects/amzone-clone-b8f5f/locations/us-central1/functions/app","httpsTrigger":{"securityLevel":"SECURE_OPTIONAL"},"entryPoint":"app","labels":{"deployment-tool":"cli-firebase"},"sourceUploadUrl":"https://storage.googleapis.com/gcf-upload-us-central1-aed9fdfa-72b3-43ef-bfad-a135b963be7c/bbedfbbc-2392-4966-8635-fa4badf4e159.zip?GoogleAccessId=service-799683639137@gcf-admin-robot.iam.gserviceaccount.com&Expires=1627892257&Signature=DZofGNVwyZr%2BPY7geemO4ay%2Boc3Q06F65LJlWec10UXKr6elEqqlEP43%2FPNVnxWzDUhVEWSv8h9jvxqWih6cbb4s%2FqXeqte%2Bvinv%2Fngzz62iSkTkzT7%2FudH%2FsS70lVjh%2BHEeV9C19kL0a9%2BsC4IzW6vV%2BCRAS6rwTPaPOCG5UEPFR7VBp7tyw5GvoBJX2b%2BkeBbtod%2BalDeDEY2fukOJ%2Fh7WnEWrqKE3ialx1VBiO%2FuyzuRerkRMgCU0ENXtm1nBhYSeB%2FeL8a%2BQZtu9DD5lyDg1sBfQTggqWV%2F5T4Wf0zAtghNCko07f%2Bg%2Fu0kyhD61kmM%2F%2BNaGOpSunxO7p8pC8A%3D%3D","environmentVariables":{"FIREBASE_CONFIG":"{\"projectId\":\"amzone-clone-b8f5f\",\"storageBucket\":\"amzone-clone-b8f5f.appspot.com\"}"},"runtime":"nodejs14"},"versionId":"1","updateTime":"2021-08-02T07:47:59Z","buildId":"a87cf383-b132-429a-9274-534ee85ff1ce","buildName":"projects/799683639137/locations/us-central1/builds/a87cf383-b132-429a-9274-534ee85ff1ce"}}
